<?xml version="1.0" encoding="utf-8"?><testsuites name="pytest tests"><testsuite name="pytest" errors="0" failures="0" skipped="0" tests="6" time="1.850" timestamp="2026-05-18T03:15:11.417431+03:00" hostname="Amgad"><testcase classname="tests.test_security" name="test_admin_dashboard_requires_admin" time="0.244" /><testcase classname="tests.test_security" name="test_admin_dashboard_allows_admin" time="0.219" /><testcase classname="tests.test_security" name="test_delete_user_requires_admin" time="0.309" /><testcase classname="tests.test_security" name="test_update_task_requires_owner" time="0.310" /><testcase classname="tests.test_security" name="test_registration_hashes_password" time="0.123" /><testcase classname="tests.test_security" name="test_csrf_protects_create_task" time="0.208" /></testsuite></testsuites>